2026-04-14 18:14:10,716 [INFO] Activator:176 - 


2026-04-14 18:14:10,716 [INFO] Activator:177 - !SESSION log4j initialized
2026-04-14 18:14:14,920 [INFO] LogOutputStream:77 - [STDOUT_REDIRECT] 
2026-04-14 18:14:34,666 [INFO] ApplicationProperties:184 - Using Application install path: C:\ST\STM32CubeIDE_1.19.0\STM32CubeIDE\plugins\com.st.stm32cube.common.mx_6.15.0.202507011659
2026-04-14 18:14:34,704 [INFO] DbMcusXml:78 - Set database path to: C:\ST\STM32CubeIDE_1.19.0\STM32CubeIDE\plugins\com.st.stm32cube.common.mx_6.15.0.202507011659\\db\/mcu/
2026-04-14 18:14:34,705 [INFO] ApiDb:274 - Set plugin database path to: C:\ST\STM32CubeIDE_1.19.0\STM32CubeIDE\plugins\com.st.stm32cube.common.mx_6.15.0.202507011659\\db\/plugins/boardmanager/
2026-04-14 18:14:34,716 [WARN] ApiDb:259 - Overriding images path with different value:  => C:\ST\STM32CubeIDE_1.19.0\STM32CubeIDE\plugins\com.st.stm32cube.common.mx_6.15.0.202507011659\\db\/plugins/mcufinder/images/
2026-04-14 18:14:34,727 [INFO] ApiDb:250 - Set database path to: C:\Users\azaki\.stmcufinder\plugins\mcufinder//mcu/
2026-04-14 18:14:34,729 [INFO] DbMcusAds:125 - Set database path to: C:\Users\azaki\.stmcufinder\plugins\mcufinder//mcu/
2026-04-14 18:14:34,767 [INFO] CrossReferenceDbSqlite:203 - Set database path to: C:\Users\azaki\.stmcufinder\plugins\mcufinder//mcu/cs/
2026-04-14 18:14:35,014 [INFO] RulesReader:64 - Compatibility file has been processed (317 Rules)
2026-04-14 18:14:35,181 [INFO] DbMcusXml:78 - Set database path to: C:\ST\STM32CubeIDE_1.19.0\STM32CubeIDE\plugins\com.st.stm32cube.common.mx_6.15.0.202507011659\\db\/mcu/
2026-04-14 18:14:35,181 [INFO] ApiDb:274 - Set plugin database path to: C:\ST\STM32CubeIDE_1.19.0\STM32CubeIDE\plugins\com.st.stm32cube.common.mx_6.15.0.202507011659\\db\/plugins/boardmanager/
2026-04-14 18:14:35,182 [INFO] ApiDb:261 - Set plugin images path to: C:\ST\STM32CubeIDE_1.19.0\STM32CubeIDE\plugins\com.st.stm32cube.common.mx_6.15.0.202507011659\\db\/plugins/mcufinder/images/
2026-04-14 18:14:35,182 [WARN] DbFile:41 - Overriding database path with different value: C:\Users\azaki\.stmcufinder\plugins\mcufinder/ => C:\Users\azaki\.stmcufinder\plugins\mcufinder
2026-04-14 18:14:35,183 [INFO] ApiDb:250 - Set database path to: C:\Users\azaki\.stmcufinder\plugins\mcufinder//mcu/
2026-04-14 18:14:35,183 [WARN] DbFile:41 - Overriding database path with different value: C:\Users\azaki\.stmcufinder\plugins\mcufinder/ => C:\Users\azaki\.stmcufinder\plugins\mcufinder
2026-04-14 18:14:35,183 [INFO] DbMcusAds:125 - Set database path to: C:\Users\azaki\.stmcufinder\plugins\mcufinder//mcu/
2026-04-14 18:14:35,183 [WARN] DbFile:41 - Overriding database path with different value: C:\Users\azaki\.stmcufinder\plugins\mcufinder/ => C:\Users\azaki\.stmcufinder\plugins\mcufinder
2026-04-14 18:14:35,183 [WARN] DbFile:41 - Overriding database path with different value: C:\Users\azaki\.stmcufinder\plugins\mcufinder/ => C:\Users\azaki\.stmcufinder\plugins\mcufinder
2026-04-14 18:14:35,183 [INFO] CrossReferenceDbSqlite:203 - Set database path to: C:\Users\azaki\.stmcufinder\plugins\mcufinder//mcu/cs/
2026-04-14 18:14:35,294 [INFO] MainPanel:274 - HeapMemory: 268435456
2026-04-14 18:14:35,448 [INFO] DbMcusXml:78 - Set database path to: C:\ST\STM32CubeIDE_1.19.0\STM32CubeIDE\plugins\com.st.stm32cube.common.mx_6.15.0.202507011659\\db\/mcu/
2026-04-14 18:14:35,449 [INFO] ApiDb:274 - Set plugin database path to: C:\ST\STM32CubeIDE_1.19.0\STM32CubeIDE\plugins\com.st.stm32cube.common.mx_6.15.0.202507011659\\db\/plugins/boardmanager/
2026-04-14 18:14:35,449 [INFO] ApiDb:261 - Set plugin images path to: C:\ST\STM32CubeIDE_1.19.0\STM32CubeIDE\plugins\com.st.stm32cube.common.mx_6.15.0.202507011659\\db\/plugins/mcufinder/images/
2026-04-14 18:14:35,450 [WARN] DbFile:41 - Overriding database path with different value: C:\Users\azaki\.stmcufinder\plugins\mcufinder/ => C:\Users\azaki\.stmcufinder\plugins\mcufinder
2026-04-14 18:14:35,450 [INFO] ApiDb:250 - Set database path to: C:\Users\azaki\.stmcufinder\plugins\mcufinder//mcu/
2026-04-14 18:14:35,450 [WARN] DbFile:41 - Overriding database path with different value: C:\Users\azaki\.stmcufinder\plugins\mcufinder/ => C:\Users\azaki\.stmcufinder\plugins\mcufinder
2026-04-14 18:14:35,450 [INFO] DbMcusAds:125 - Set database path to: C:\Users\azaki\.stmcufinder\plugins\mcufinder//mcu/
2026-04-14 18:14:35,450 [WARN] DbFile:41 - Overriding database path with different value: C:\Users\azaki\.stmcufinder\plugins\mcufinder/ => C:\Users\azaki\.stmcufinder\plugins\mcufinder
2026-04-14 18:14:35,450 [WARN] DbFile:41 - Overriding database path with different value: C:\Users\azaki\.stmcufinder\plugins\mcufinder/ => C:\Users\azaki\.stmcufinder\plugins\mcufinder
2026-04-14 18:14:35,451 [INFO] CrossReferenceDbSqlite:203 - Set database path to: C:\Users\azaki\.stmcufinder\plugins\mcufinder//mcu/cs/
2026-04-14 18:14:35,492 [INFO] ApplicationProperties:184 - Using Application install path: C:\ST\STM32CubeIDE_1.19.0\STM32CubeIDE\plugins\com.st.stm32cube.common.mx_6.15.0.202507011659
2026-04-14 18:14:35,494 [INFO] PluginManage:196 - Search for loadable plugins [exclusion list=, ]
2026-04-14 18:14:35,497 [INFO] PluginManage:310 - Check plugin analytics
2026-04-14 18:14:36,011 [INFO] AnalyticsPlugin:253 - Accepted Software Licenses: 
2026-04-14 18:14:36,011 [INFO] AnalyticsPlugin:255 - Accepted CMSIS Pack Licenses: 
2026-04-14 18:14:36,012 [INFO] AnalyticsPlugin:257 - Accepted Firmware Licenses: FW.L4.1.18.0
2026-04-14 18:14:36,050 [INFO] PluginManage:359 - Loaded plugin analytics (category:tool,tabindex:-1)
2026-04-14 18:14:36,051 [INFO] PluginManage:310 - Check plugin cadmodel
2026-04-14 18:14:36,066 [INFO] CADModel:105 - Init CAD model plugin
2026-04-14 18:14:36,067 [INFO] PluginManage:359 - Loaded plugin cadmodel (category:power,tabindex:5)
2026-04-14 18:14:36,067 [INFO] PluginManage:310 - Check plugin clock
2026-04-14 18:14:36,104 [INFO] PluginManage:359 - Loaded plugin clock (category:base,tabindex:2)
2026-04-14 18:14:36,104 [INFO] PluginManage:310 - Check plugin ddr
2026-04-14 18:14:36,112 [INFO] PluginManage:359 - Loaded plugin ddr (category:tool,tabindex:6)
2026-04-14 18:14:36,113 [INFO] PluginManage:310 - Check plugin filemanager
2026-04-14 18:14:36,315 [INFO] PluginManage:359 - Loaded plugin filemanager (category:base,tabindex:10)
2026-04-14 18:14:36,315 [INFO] PluginManage:310 - Check plugin ipmanager
2026-04-14 18:14:36,324 [INFO] PluginManage:359 - Loaded plugin ipmanager (category:base,tabindex:5)
2026-04-14 18:14:36,324 [INFO] PluginManage:310 - Check plugin lpbam
2026-04-14 18:14:36,334 [INFO] PluginManage:359 - Loaded plugin lpbam (category:base,tabindex:0)
2026-04-14 18:14:36,334 [INFO] PluginManage:310 - Check plugin memorymap
2026-04-14 18:14:36,348 [INFO] PluginManage:359 - Loaded plugin memorymap (category:base,tabindex:4)
2026-04-14 18:14:36,349 [INFO] PluginManage:310 - Check plugin pinoutandconfiguration
2026-04-14 18:14:36,361 [INFO] PluginManage:359 - Loaded plugin pinoutandconfiguration (category:base,tabindex:1)
2026-04-14 18:14:36,361 [INFO] PluginManage:310 - Check plugin pinoutconfig
2026-04-14 18:14:36,588 [WARN] SupportedApi:132 - Cannot load RTOS API schema: s4s-elt-must-match.1: The content of 'definitions' must match (annotation?, (simpleType | complexType)?, (unique | key | keyref)*)). A problem was found starting at: attribute.
2026-04-14 18:14:36,809 [INFO] PluginManage:359 - Loaded plugin pinoutconfig (category:base,tabindex:0)
2026-04-14 18:14:36,810 [INFO] PluginManage:310 - Check plugin power
2026-04-14 18:14:36,819 [INFO] PluginManage:359 - Loaded plugin power (category:power,tabindex:4)
2026-04-14 18:14:36,820 [INFO] PluginManage:310 - Check plugin projectmanager
2026-04-14 18:14:36,849 [INFO] PluginManage:359 - Loaded plugin projectmanager (category:projectmanager,tabindex:4)
2026-04-14 18:14:36,849 [INFO] PluginManage:310 - Check plugin rif
2026-04-14 18:14:36,882 [INFO] PluginManage:359 - Loaded plugin rif (category:base,tabindex:3)
2026-04-14 18:14:36,882 [INFO] PluginManage:310 - Check plugin thirdparty
2026-04-14 18:14:37,128 [WARN] IntegrityCheckThread:84 - waiting for thirdparty lock release [integrity check]
2026-04-14 18:14:37,129 [INFO] IntegrityCheckThread:86 - entering critical section [integrity check]
2026-04-14 18:14:37,129 [INFO] ThirdPartyUpdaterWithRetryManager:70 - Updater plugin not ready yet. [1/15]
2026-04-14 18:14:37,129 [INFO] PluginManage:359 - Loaded plugin thirdparty (category:base,tabindex:-1)
2026-04-14 18:14:37,130 [INFO] PluginManage:310 - Check plugin tools
2026-04-14 18:14:37,136 [INFO] PluginManage:359 - Loaded plugin tools (category:base,tabindex:7)
2026-04-14 18:14:37,136 [INFO] PluginManage:310 - Check plugin tutovideos
2026-04-14 18:14:37,389 [INFO] PluginManage:359 - Loaded plugin tutovideos (category:base,tabindex:-1)
2026-04-14 18:14:37,389 [INFO] PluginManage:310 - Check plugin updater
2026-04-14 18:14:37,420 [INFO] PluginManage:359 - Loaded plugin updater (category:base,tabindex:12)
2026-04-14 18:14:37,420 [INFO] PluginManage:310 - Check plugin userauth
2026-04-14 18:14:37,425 [INFO] UserAuth:118 - Init User Auth plugin
2026-04-14 18:14:37,426 [INFO] PluginManage:359 - Loaded plugin userauth (category:base,tabindex:14)
2026-04-14 18:14:37,428 [INFO] PluginManage:283 - PluginManage : Loaded plugins [18]
2026-04-14 18:14:37,759 [INFO] PinOutPanel:1589 - setPackage(No Configuration,No Configuration)
2026-04-14 18:14:37,881 [INFO] CADModel:165 - CPN selected for project level
2026-04-14 18:14:37,882 [INFO] CADModel:114 - Register for checkConnection events
2026-04-14 18:14:37,902 [INFO] IPUIPlugin:80 - create IPUIPlugin
2026-04-14 18:14:37,903 [INFO] PluginManager:220 - loadIPPluginJar : add adc
2026-04-14 18:14:37,906 [INFO] IPUIPlugin:80 - create IPUIPlugin
2026-04-14 18:14:37,907 [INFO] PluginManager:220 - loadIPPluginJar : add aes
2026-04-14 18:14:37,909 [INFO] IPUIPlugin:80 - create IPUIPlugin
2026-04-14 18:14:37,910 [INFO] PluginManager:220 - loadIPPluginJar : add can
2026-04-14 18:14:37,913 [INFO] IPUIPlugin:80 - create IPUIPlugin
2026-04-14 18:14:37,913 [INFO] PluginManager:220 - loadIPPluginJar : add comp
2026-04-14 18:14:37,916 [INFO] IPUIPlugin:80 - create IPUIPlugin
2026-04-14 18:14:37,916 [INFO] PluginManager:220 - loadIPPluginJar : add cryp
2026-04-14 18:14:37,919 [INFO] IPUIPlugin:80 - create IPUIPlugin
2026-04-14 18:14:37,919 [INFO] PluginManager:220 - loadIPPluginJar : add ddr_ctrl_phy
2026-04-14 18:14:37,922 [INFO] IPUIPlugin:80 - create IPUIPlugin
2026-04-14 18:14:37,922 [INFO] PluginManager:220 - loadIPPluginJar : add dfsdm
2026-04-14 18:14:37,929 [INFO] IPUIPlugin:80 - create IPUIPlugin
2026-04-14 18:14:37,930 [INFO] PluginManager:220 - loadIPPluginJar : add dma
2026-04-14 18:14:37,934 [INFO] IPUIPlugin:80 - create IPUIPlugin
2026-04-14 18:14:37,935 [INFO] PluginManager:220 - loadIPPluginJar : add dma3
2026-04-14 18:14:37,938 [INFO] IPUIPlugin:80 - create IPUIPlugin
2026-04-14 18:14:37,939 [INFO] PluginManager:220 - loadIPPluginJar : add extmemmanager
2026-04-14 18:14:37,941 [INFO] IPUIPlugin:80 - create IPUIPlugin
2026-04-14 18:14:37,941 [INFO] PluginManager:220 - loadIPPluginJar : add fatfs
2026-04-14 18:14:37,948 [INFO] IPUIPlugin:80 - create IPUIPlugin
2026-04-14 18:14:37,948 [INFO] PluginManager:220 - loadIPPluginJar : add fmc
2026-04-14 18:14:37,957 [INFO] IPUIPlugin:80 - create IPUIPlugin
2026-04-14 18:14:37,957 [INFO] PluginManager:220 - loadIPPluginJar : add freertos
2026-04-14 18:14:37,960 [INFO] IPUIPlugin:80 - create IPUIPlugin
2026-04-14 18:14:37,960 [INFO] PluginManager:220 - loadIPPluginJar : add genericplugin
2026-04-14 18:14:37,962 [INFO] IPUIPlugin:80 - create IPUIPlugin
2026-04-14 18:14:37,962 [INFO] PluginManager:220 - loadIPPluginJar : add gfxmmu
2026-04-14 18:14:37,968 [INFO] IPUIPlugin:80 - create IPUIPlugin
2026-04-14 18:14:37,968 [INFO] PluginManager:220 - loadIPPluginJar : add gic
2026-04-14 18:14:37,973 [INFO] IPUIPlugin:80 - create IPUIPlugin
2026-04-14 18:14:37,973 [INFO] PluginManager:220 - loadIPPluginJar : add gpio
2026-04-14 18:14:37,977 [INFO] IPUIPlugin:80 - create IPUIPlugin
2026-04-14 18:14:37,977 [INFO] PluginManager:220 - loadIPPluginJar : add gtzc
2026-04-14 18:14:37,980 [INFO] IPUIPlugin:80 - create IPUIPlugin
2026-04-14 18:14:37,980 [INFO] PluginManager:220 - loadIPPluginJar : add hash
2026-04-14 18:14:37,983 [INFO] IPUIPlugin:80 - create IPUIPlugin
2026-04-14 18:14:37,983 [INFO] PluginManager:220 - loadIPPluginJar : add i2c
2026-04-14 18:14:37,985 [INFO] IPUIPlugin:80 - create IPUIPlugin
2026-04-14 18:14:37,985 [INFO] PluginManager:220 - loadIPPluginJar : add i2s
2026-04-14 18:14:37,991 [INFO] IPUIPlugin:80 - create IPUIPlugin
2026-04-14 18:14:37,991 [INFO] PluginManager:220 - loadIPPluginJar : add i3c
2026-04-14 18:14:37,998 [INFO] IPUIPlugin:80 - create IPUIPlugin
2026-04-14 18:14:37,998 [INFO] PluginManager:220 - loadIPPluginJar : add ipddr
2026-04-14 18:14:38,008 [INFO] IPUIPlugin:80 - create IPUIPlugin
2026-04-14 18:14:38,009 [INFO] PluginManager:220 - loadIPPluginJar : add linkedlist
2026-04-14 18:14:38,021 [INFO] IPUIPlugin:80 - create IPUIPlugin
2026-04-14 18:14:38,021 [INFO] PluginManager:220 - loadIPPluginJar : add lorawan
2026-04-14 18:14:38,023 [INFO] IPUIPlugin:80 - create IPUIPlugin
2026-04-14 18:14:38,023 [INFO] PluginManager:220 - loadIPPluginJar : add ltdc
2026-04-14 18:14:38,031 [INFO] IPUIPlugin:80 - create IPUIPlugin
2026-04-14 18:14:38,031 [INFO] PluginManager:220 - loadIPPluginJar : add mdma
2026-04-14 18:14:38,035 [INFO] IPUIPlugin:80 - create IPUIPlugin
2026-04-14 18:14:38,035 [INFO] PluginManager:220 - loadIPPluginJar : add nvic
2026-04-14 18:14:38,039 [INFO] IPUIPlugin:80 - create IPUIPlugin
2026-04-14 18:14:38,039 [INFO] PluginManager:220 - loadIPPluginJar : add opamp
2026-04-14 18:14:38,042 [INFO] IPUIPlugin:80 - create IPUIPlugin
2026-04-14 18:14:38,042 [INFO] PluginManager:220 - loadIPPluginJar : add openamp
2026-04-14 18:14:38,046 [INFO] IPUIPlugin:80 - create IPUIPlugin
2026-04-14 18:14:38,046 [INFO] PluginManager:220 - loadIPPluginJar : add pdm2pcm
2026-04-14 18:14:38,056 [INFO] IPUIPlugin:80 - create IPUIPlugin
2026-04-14 18:14:38,060 [INFO] PluginManager:220 - loadIPPluginJar : add plateformsettings
2026-04-14 18:14:38,063 [INFO] IPUIPlugin:80 - create IPUIPlugin
2026-04-14 18:14:38,063 [INFO] PluginManager:220 - loadIPPluginJar : add quadspi
2026-04-14 18:14:38,068 [INFO] IPUIPlugin:80 - create IPUIPlugin
2026-04-14 18:14:38,069 [INFO] PluginManager:220 - loadIPPluginJar : add radio
2026-04-14 18:14:38,074 [INFO] IPUIPlugin:80 - create IPUIPlugin
2026-04-14 18:14:38,074 [INFO] PluginManager:220 - loadIPPluginJar : add resmgrutility
2026-04-14 18:14:38,079 [INFO] IPUIPlugin:80 - create IPUIPlugin
2026-04-14 18:14:38,079 [INFO] PluginManager:220 - loadIPPluginJar : add sai
2026-04-14 18:14:38,082 [INFO] IPUIPlugin:80 - create IPUIPlugin
2026-04-14 18:14:38,082 [INFO] PluginManager:220 - loadIPPluginJar : add spi
2026-04-14 18:14:38,090 [INFO] IPUIPlugin:80 - create IPUIPlugin
2026-04-14 18:14:38,090 [INFO] PluginManager:220 - loadIPPluginJar : add stm32_wpan
2026-04-14 18:14:38,093 [INFO] IPUIPlugin:80 - create IPUIPlugin
2026-04-14 18:14:38,093 [INFO] PluginManager:220 - loadIPPluginJar : add tim
2026-04-14 18:14:38,099 [INFO] IPUIPlugin:80 - create IPUIPlugin
2026-04-14 18:14:38,099 [INFO] PluginManager:220 - loadIPPluginJar : add touchsensing
2026-04-14 18:14:38,102 [INFO] IPUIPlugin:80 - create IPUIPlugin
2026-04-14 18:14:38,102 [INFO] PluginManager:220 - loadIPPluginJar : add tracer_emb
2026-04-14 18:14:38,105 [INFO] IPUIPlugin:80 - create IPUIPlugin
2026-04-14 18:14:38,105 [INFO] PluginManager:220 - loadIPPluginJar : add ts
2026-04-14 18:14:38,107 [INFO] IPUIPlugin:80 - create IPUIPlugin
2026-04-14 18:14:38,107 [INFO] PluginManager:220 - loadIPPluginJar : add tsc
2026-04-14 18:14:38,109 [INFO] IPUIPlugin:80 - create IPUIPlugin
2026-04-14 18:14:38,109 [INFO] PluginManager:220 - loadIPPluginJar : add ucpd
2026-04-14 18:14:38,114 [INFO] IPUIPlugin:80 - create IPUIPlugin
2026-04-14 18:14:38,114 [INFO] PluginManager:220 - loadIPPluginJar : add usart
2026-04-14 18:14:38,123 [INFO] IPUIPlugin:80 - create IPUIPlugin
2026-04-14 18:14:38,124 [INFO] PluginManager:220 - loadIPPluginJar : add usbx
2026-04-14 18:14:38,298 [FATAL] Updater:351 - Updater called before beeing initialized
2026-04-14 18:14:38,357 [INFO] RulesReader:64 - Compatibility file has been processed (317 Rules)
2026-04-14 18:14:38,376 [INFO] RulesReader:64 - Compatibility file has been processed (317 Rules)
2026-04-14 18:14:38,402 [INFO] CADModel:165 - CPN selected for project level
2026-04-14 18:14:38,403 [INFO] CADModel:114 - Register for checkConnection events
2026-04-14 18:14:38,403 [FATAL] Updater:351 - Updater called before beeing initialized
2026-04-14 18:14:38,403 [ERROR] CADModel:125 - Updater not yet initialized, retry later 
2026-04-14 18:14:38,790 [FATAL] Updater:351 - Updater called before beeing initialized
2026-04-14 18:14:38,793 [INFO] CADModel:165 - CPN selected for project level
2026-04-14 18:14:38,794 [INFO] CADModel:114 - Register for checkConnection events
2026-04-14 18:14:38,794 [FATAL] Updater:351 - Updater called before beeing initialized
2026-04-14 18:14:38,794 [ERROR] CADModel:125 - Updater not yet initialized, retry later 
2026-04-14 18:14:38,800 [FATAL] Updater:351 - Updater called before beeing initialized
2026-04-14 18:14:39,098 [FATAL] Updater:351 - Updater called before beeing initialized
2026-04-14 18:14:39,120 [INFO] DbMcusAds:53 - JSON generation date=Fri Apr 10 19:19:02 AEST 2026 (1775812742310)
2026-04-14 18:14:39,121 [FATAL] Updater:351 - Updater called before beeing initialized
2026-04-14 18:14:39,187 [WARN] DetailPanel:346 - Failed to get advertising image, set to default
2026-04-14 18:14:39,300 [FATAL] Updater:351 - Updater called before beeing initialized
2026-04-14 18:14:39,303 [FATAL] Updater:351 - Updater called before beeing initialized
2026-04-14 18:14:39,304 [FATAL] Updater:351 - Updater called before beeing initialized
2026-04-14 18:14:39,305 [WARN] DetailPanel:346 - Failed to get advertising image, set to default
2026-04-14 18:14:39,306 [FATAL] Updater:351 - Updater called before beeing initialized
2026-04-14 18:14:39,378 [ERROR] Updater:1198 - MainUpdater not yet initialized. External WinMGr cannot be set.
2026-04-14 18:14:39,384 [INFO] Updater:1134 - Updater Version found : 6.15.0
2026-04-14 18:14:39,406 [INFO] ApplicationProperties:184 - Using Application install path: C:\ST\STM32CubeIDE_1.19.0\STM32CubeIDE\plugins\com.st.stm32cube.common.mx_6.15.0.202507011659
2026-04-14 18:14:40,131 [INFO] ThirdPartyUpdaterWithRetryManager:70 - Updater plugin not ready yet. [2/15]
2026-04-14 18:14:40,991 [ERROR] LogOutputStream:75 - [STDERR_REDIRECT] Apr 14, 2026 6:14:40 PM java.util.prefs.WindowsPreferences <init>
2026-04-14 18:14:40,994 [ERROR] LogOutputStream:75 - [STDERR_REDIRECT] WARNING: Could not open/create prefs root node Software\JavaSoft\Prefs at root 0xffffffff80000002. Windows RegCreateKeyEx(...) returned error code 5.
2026-04-14 18:14:40,994 [ERROR] LogOutputStream:75 - [STDERR_REDIRECT] 
2026-04-14 18:14:41,833 [INFO] MainUpdater:2872 - connection check result : 10
2026-04-14 18:14:41,834 [INFO] MainUpdater:289 - Updater Check For Update Now.
2026-04-14 18:14:41,835 [INFO] MicroXplorer:498 - Change Database Version : DB.6.0.150
2026-04-14 18:14:41,859 [INFO] McuFinderGlobals:63 - Set McuFinder mode to 2 (CubeIDE integrated)
2026-04-14 18:14:41,861 [INFO] UserAuth:487 - Internet connection configuration mode: 1
2026-04-14 18:14:41,973 [INFO] JxBrowserEngine:152 - Initiate JxBrowser Engine with user profile folder
2026-04-14 18:14:42,126 [INFO] CheckServerUpdateThread:120 - End of CheckServer Thread
2026-04-14 18:14:43,478 [INFO] WebApp:169 - Instantiating new browser for Auth
2026-04-14 18:14:43,808 [WARN] PackLoader:240 - Cannot read IP mode file for STMicroelectronics.X-CUBE-AZRTOS-H7.3.5.0
2026-04-14 18:14:43,831 [WARN] PackLoader:240 - Cannot read IP mode file for STMicroelectronics.FP-SNS-MOTENVWB1.1.4.0
2026-04-14 18:14:43,845 [WARN] PackLoader:240 - Cannot read IP mode file for STMicroelectronics.FP-ATR-ASTRA1.2.0.2
2026-04-14 18:14:43,896 [WARN] PackLoader:240 - Cannot read IP mode file for STMicroelectronics.X-CUBE-SMBUS.2.1.0
2026-04-14 18:14:43,922 [WARN] PackLoader:240 - Cannot read IP mode file for STMicroelectronics.X-CUBE-WB05N.1.1.0
2026-04-14 18:14:43,962 [WARN] PackLoader:240 - Cannot read IP mode file for STMicroelectronics.X-CUBE-AZRTOS-F7.1.1.0
2026-04-14 18:14:43,976 [WARN] PackLoader:240 - Cannot read IP mode file for STMicroelectronics.FP-SNS-MOTENV1.5.1.0
2026-04-14 18:14:44,020 [WARN] PackLoader:240 - Cannot read IP mode file for Infineon.AIROC-Wi-Fi-Bluetooth-STM32.1.7.0
2026-04-14 18:14:44,048 [WARN] PackLoader:240 - Cannot read IP mode file for STMicroelectronics.X-CUBE-DISPLAY.3.0.0
2026-04-14 18:14:44,058 [WARN] PackLoader:240 - Cannot read IP mode file for STMicroelectronics.FP-SNS-MOTENVWB1.1.5.0
2026-04-14 18:14:44,069 [WARN] PackLoader:240 - Cannot read IP mode file for STMicroelectronics.X-CUBE-NFC10.1.0.0
2026-04-14 18:14:44,090 [WARN] PackLoader:240 - Cannot read IP mode file for STMicroelectronics.X-CUBE-BLEMGR.4.0.0
2026-04-14 18:14:44,102 [WARN] PackLoader:240 - Cannot read IP mode file for STMicroelectronics.X-CUBE-ST60.1.1.0
2026-04-14 18:14:44,112 [WARN] PackLoader:240 - Cannot read IP mode file for emotas.I-CUBE-CANOPEN.1.3.0
2026-04-14 18:14:44,123 [WARN] PackLoader:240 - Cannot read IP mode file for STMicroelectronics.X-CUBE-GNSS1.7.1.0
2026-04-14 18:14:44,133 [WARN] ConditionMgr:438 - getConditionDescription Invalid condition id : Cortex-A Device cause : null
2026-04-14 18:14:44,167 [WARN] ConditionMgr:1044 - genDependencies : Invalid condition id : Cortex-A Device cause : null
2026-04-14 18:14:44,167 [WARN] ConditionMgr:1044 - genDependencies : Invalid condition id : Cortex-A Device cause : null
2026-04-14 18:14:44,167 [WARN] ConditionMgr:1044 - genDependencies : Invalid condition id : Cortex-A Device cause : null
2026-04-14 18:14:44,175 [WARN] PackLoader:240 - Cannot read IP mode file for STMicroelectronics.X-CUBE-AI.10.0.0
2026-04-14 18:14:44,190 [WARN] PackLoader:240 - Cannot read IP mode file for STMicroelectronics.FP-SNS-STBOX1.2.1.0
2026-04-14 18:14:44,202 [WARN] PackLoader:240 - Cannot read IP mode file for STMicroelectronics.FP-SNS-SMARTAG2.1.2.0
2026-04-14 18:14:44,210 [WARN] PackLoader:240 - Cannot read IP mode file for STMicroelectronics.FP-SNS-FLIGHT1.5.1.0
2026-04-14 18:14:44,273 [WARN] PackLoader:240 - Cannot read IP mode file for STMicroelectronics.X-CUBE-MEMS1.11.1.0
2026-04-14 18:14:44,449 [INFO] LogOutputStream:77 - [STDOUT_REDIRECT] 1 : Invalid condition id : UX_CORESTACK_Condition cause : null
2026-04-14 18:14:44,451 [INFO] LogOutputStream:77 - [STDOUT_REDIRECT] 1 : Invalid condition id : UX_CORESTACK_Condition cause : null
2026-04-14 18:14:44,454 [INFO] LogOutputStream:77 - [STDOUT_REDIRECT] 1 : Invalid condition id : UX_CORESTACK_Condition cause : null
2026-04-14 18:14:44,457 [INFO] LogOutputStream:77 - [STDOUT_REDIRECT] 1 : Invalid condition id : UX_CORESTACK_Condition cause : null
2026-04-14 18:14:44,459 [INFO] LogOutputStream:77 - [STDOUT_REDIRECT] 1 : Invalid condition id : UX_CORESTACK_Condition cause : null
2026-04-14 18:14:44,465 [WARN] PackLoader:240 - Cannot read IP mode file for STMicroelectronics.X-CUBE-AZRTOS-WL.2.0.0
2026-04-14 18:14:44,476 [WARN] PackLoader:240 - Cannot read IP mode file for STMicroelectronics.FP-SNS-MOTENV1.5.0.0
2026-04-14 18:14:44,509 [WARN] PackLoader:240 - Cannot read IP mode file for STMicroelectronics.X-CUBE-AZRTOS-H7RS.1.2.0
2026-04-14 18:14:44,538 [WARN] PackLoader:240 - Cannot read IP mode file for WES.I-CUBE-Cesium.1.3.0
2026-04-14 18:14:44,546 [WARN] PackLoader:240 - Cannot read IP mode file for STMicroelectronics.X-CUBE-BLE2.3.3.0
2026-04-14 18:14:44,575 [WARN] PackLoader:240 - Cannot read IP mode file for STMicroelectronics.X-CUBE-NFC9.1.0.0
2026-04-14 18:14:44,585 [WARN] PackLoader:240 - Cannot read IP mode file for STMicroelectronics.X-CUBE-BLE1.7.1.0
2026-04-14 18:14:44,593 [WARN] PackLoader:240 - Cannot read IP mode file for wolfSSL.I-CUBE-wolfMQTT.1.19.2
2026-04-14 18:14:44,603 [WARN] PackLoader:240 - Cannot read IP mode file for STMicroelectronics.X-CUBE-EEPRMA1.5.2.0
2026-04-14 18:14:44,642 [WARN] PackLoader:240 - Cannot read IP mode file for STMicroelectronics.X-CUBE-MEMS1.12.0.0
2026-04-14 18:14:44,854 [WARN] PackLoader:240 - Cannot read IP mode file for STMicroelectronics.X-CUBE-MEMS1.11.2.0
2026-04-14 18:14:45,019 [WARN] PackLoader:240 - Cannot read IP mode file for STMicroelectronics.X-CUBE-AZRTOS-G0.1.1.0
2026-04-14 18:14:45,027 [WARN] PackLoader:240 - Cannot read IP mode file for STMicroelectronics.X-CUBE-SAFEA1.1.2.2
2026-04-14 18:14:45,036 [WARN] PackLoader:240 - Cannot read IP mode file for STMicroelectronics.X-CUBE-NFC4.3.0.0
2026-04-14 18:14:45,045 [WARN] PackLoader:240 - Cannot read IP mode file for EmbeddedOffice.I-CUBE-FS-RTOS.1.0.1
2026-04-14 18:14:45,051 [WARN] PackLoader:240 - Cannot read IP mode file for STMicroelectronics.X-CUBE-WB05N.2.0.0
2026-04-14 18:14:45,055 [WARN] PackLoader:240 - Cannot read IP mode file for wolfSSL.I-CUBE-wolfTPM.3.8.0
2026-04-14 18:14:45,061 [WARN] PackLoader:240 - Cannot read IP mode file for STMicroelectronics.X-CUBE-TCPP.4.2.0
2026-04-14 18:14:45,067 [WARN] PackLoader:240 - Cannot read IP mode file for RealThread.X-CUBE-RT-Thread_Nano.4.1.1
2026-04-14 18:14:45,073 [WARN] PackLoader:240 - Cannot read IP mode file for STMicroelectronics.FP-ATR-SIGFOX1.3.2.0
2026-04-14 18:14:45,079 [WARN] PackLoader:240 - Cannot read IP mode file for STMicroelectronics.X-CUBE-EEPRMA1.5.1.0
2026-04-14 18:14:45,086 [WARN] PackLoader:240 - Cannot read IP mode file for STMicroelectronics.X-CUBE-FREERTOS.1.5.0
2026-04-14 18:14:45,092 [WARN] PackLoader:240 - Cannot read IP mode file for wolfSSL.I-CUBE-wolfSSL.5.7.6
2026-04-14 18:14:45,100 [WARN] PackLoader:240 - Cannot read IP mode file for ITTIA_DB.I-CUBE-ITTIADB.8.9.0
2026-04-14 18:14:45,110 [WARN] PackLoader:240 - Cannot read IP mode file for STMicroelectronics.X-CUBE-NFC6.3.2.0
2026-04-14 18:14:45,121 [WARN] PackLoader:240 - Cannot read IP mode file for STMicroelectronics.X-CUBE-AI.10.2.0
2026-04-14 18:14:45,166 [WARN] PackLoader:240 - Cannot read IP mode file for SEGGER.I-CUBE-embOS.1.3.1
2026-04-14 18:14:45,221 [WARN] PackLoader:240 - Cannot read IP mode file for STMicroelectronics.X-CUBE-ALGOBUILD.1.4.0
2026-04-14 18:14:45,229 [WARN] PackLoader:240 - Cannot read IP mode file for STMicroelectronics.X-CUBE-PM33A1.1.0.0
2026-04-14 18:14:45,256 [WARN] PackLoader:240 - Cannot read IP mode file for STMicroelectronics.X-CUBE-AZRTOS-F4.1.1.0
2026-04-14 18:14:45,264 [WARN] PackLoader:240 - Cannot read IP mode file for Avnet-IotConnect.X-CUBE-IoTC-DA16k-PMOD.1.0.0
2026-04-14 18:14:45,270 [WARN] PackLoader:240 - Cannot read IP mode file for STMicroelectronics.X-CUBE-ISPU.2.1.0
2026-04-14 18:14:45,287 [WARN] PackLoader:240 - Cannot read IP mode file for STMicroelectronics.X-CUBE-IPS.3.2.0
2026-04-14 18:14:45,300 [WARN] PackLoader:240 - Cannot read IP mode file for STMicroelectronics.eDS-WB_DPC_TT-BIDIR.2.1.1
2026-04-14 18:14:45,307 [WARN] PackLoader:240 - Cannot read IP mode file for STMicroelectronics.X-CUBE-NFC12.1.0.0
2026-04-14 18:14:45,327 [WARN] PackLoader:240 - Cannot read IP mode file for STMicroelectronics.X-CUBE-AZRTOS-L5.2.0.0
2026-04-14 18:14:45,340 [WARN] PackLoader:240 - Cannot read IP mode file for STMicroelectronics.X-CUBE-NFC6.3.1.0
2026-04-14 18:14:45,350 [WARN] PackLoader:240 - Cannot read IP mode file for STMicroelectronics.X-CUBE-DPower.1.2.0
2026-04-14 18:14:45,357 [WARN] PackLoader:240 - Cannot read IP mode file for STMicroelectronics.eDS-WB_DPC_VIENNA.1.2.0
2026-04-14 18:14:45,362 [WARN] PackLoader:240 - Cannot read IP mode file for STMicroelectronics.eDS-WB_DPC_3PH2L-BIDIR.1.1.1
2026-04-14 18:14:45,366 [WARN] PackLoader:240 - Cannot read IP mode file for STMicroelectronics.X-CUBE-FREERTOS.1.3.0
2026-04-14 18:14:45,374 [WARN] PackLoader:240 - Cannot read IP mode file for STMicroelectronics.X-CUBE-NFC7.1.0.1
2026-04-14 18:14:45,389 [WARN] PackLoader:240 - Cannot read IP mode file for STMicroelectronics.X-CUBE-TOUCHGFX.4.26.1
2026-04-14 18:14:45,399 [WARN] PackLoader:240 - Cannot read IP mode file for STMicroelectronics.FP-SNS-STAIOTCFT.1.0.0
2026-04-14 18:14:45,406 [WARN] PackLoader:240 - Cannot read IP mode file for STMicroelectronics.X-CUBE-DPower.1.3.0
2026-04-14 18:14:45,430 [WARN] ConditionMgr:438 - getConditionDescription Invalid condition id : LAN8742 Phy interface Condition cause : null
2026-04-14 18:14:45,431 [WARN] PackLoader:240 - Cannot read IP mode file for STMicroelectronics.X-CUBE-AZRTOS-L4.2.0.0
2026-04-14 18:14:45,433 [WARN] ConditionMgr:1044 - genDependencies : Invalid condition id : LAN8742 Phy interface Condition cause : null
2026-04-14 18:14:45,433 [WARN] ConditionMgr:1044 - genDependencies : Invalid condition id : LAN8742 Phy interface Condition cause : null
2026-04-14 18:14:45,434 [WARN] ConditionMgr:1044 - genDependencies : Invalid condition id : LAN8742 Phy interface Condition cause : null
2026-04-14 18:14:45,444 [WARN] PackLoader:240 - Cannot read IP mode file for STMicroelectronics.X-CUBE-SFXS2LP1.4.0.0
2026-04-14 18:14:45,450 [WARN] PackLoader:240 - Cannot read IP mode file for STMicroelectronics.X-CUBE-WB05N.2.1.0
2026-04-14 18:14:45,457 [WARN] PackLoader:240 - Cannot read IP mode file for STMicroelectronics.X-CUBE-ST67W61.1.2.0
2026-04-14 18:14:45,474 [WARN] PackLoader:240 - Cannot read IP mode file for STMicroelectronics.X-CUBE-AZRTOS-H7.3.3.0
2026-04-14 18:14:45,486 [WARN] PackLoader:240 - Cannot read IP mode file for STMicroelectronics.X-CUBE-BLEMGR.4.1.0
2026-04-14 18:14:45,501 [WARN] ConditionMgr:438 - getConditionDescription Invalid condition id : UX DEVICE CLASS RTOS Condition cause : null
2026-04-14 18:14:45,502 [WARN] ConditionMgr:438 - getConditionDescription Invalid condition id : UX DEVICE CLASS RTOS Condition cause : null
2026-04-14 18:14:45,503 [WARN] PackLoader:240 - Cannot read IP mode file for STMicroelectronics.X-CUBE-AZRTOS-WB.2.0.0
2026-04-14 18:14:45,504 [WARN] ConditionMgr:1044 - genDependencies : Invalid condition id : UX DEVICE CLASS RTOS Condition cause : null
2026-04-14 18:14:45,504 [WARN] ConditionMgr:1044 - genDependencies : Invalid condition id : UX DEVICE CLASS RTOS Condition cause : null
2026-04-14 18:14:45,505 [WARN] ConditionMgr:1044 - genDependencies : Invalid condition id : UX DEVICE CLASS RTOS Condition cause : null
2026-04-14 18:14:45,505 [WARN] ConditionMgr:1044 - genDependencies : Invalid condition id : UX DEVICE CLASS RTOS Condition cause : null
2026-04-14 18:14:45,505 [WARN] ConditionMgr:1044 - genDependencies : Invalid condition id : UX DEVICE CLASS RTOS Condition cause : null
2026-04-14 18:14:45,511 [WARN] PackLoader:240 - Cannot read IP mode file for STMicroelectronics.X-CUBE-GNSS1.7.0.1
2026-04-14 18:14:45,516 [WARN] PackLoader:240 - Cannot read IP mode file for STMicroelectronics.X-CUBE-TOUCHGFX.4.25.0
2026-04-14 18:14:45,521 [WARN] PackLoader:240 - Cannot read IP mode file for STMicroelectronics.FP-SNS-STBOX1.2.0.0
2026-04-14 18:14:45,531 [WARN] PackLoader:240 - Cannot read IP mode file for STMicroelectronics.X-CUBE-STSE01.2.0.0
2026-04-14 18:14:45,543 [WARN] PackLoader:240 - Cannot read IP mode file for STMicroelectronics.X-CUBE-SUBG2.5.0.0
2026-04-14 18:14:45,563 [WARN] PackLoader:240 - Cannot read IP mode file for STMicroelectronics.X-CUBE-AZRTOS-H7RS.1.1.0
2026-04-14 18:14:45,573 [WARN] PackLoader:240 - Cannot read IP mode file for Cesanta.I-CUBE-Mongoose.7.13.0
2026-04-14 18:14:45,599 [WARN] PackLoader:240 - Cannot read IP mode file for STMicroelectronics.X-CUBE-AZRTOS-G4.2.0.0
2026-04-14 18:14:45,610 [WARN] PackLoader:240 - Cannot read IP mode file for wolfSSL.I-CUBE-wolfSSH.1.4.20
2026-04-14 18:14:45,616 [WARN] PackLoader:240 - Cannot read IP mode file for STMicroelectronics.X-CUBE-NFC7.2.0.0
2026-04-14 18:14:45,675 [WARN] PackLoader:240 - Cannot read IP mode file for STMicroelectronics.X-CUBE-IPS.3.1.0
2026-04-14 18:14:45,693 [WARN] PackLoader:240 - Cannot read IP mode file for STMicroelectronics.X-CUBE-ALS.1.0.2
2026-04-14 18:14:45,704 [WARN] PackLoader:240 - Cannot read IP mode file for portGmbH.I-Cube-SoM-uGOAL.1.1.0
2026-04-14 18:14:45,714 [WARN] PackLoader:240 - Cannot read IP mode file for STMicroelectronics.X-CUBE-TOF1.3.4.2
2026-04-14 18:14:45,735 [WARN] PackLoader:240 - Cannot read IP mode file for STMicroelectronics.X-CUBE-TOF1.3.4.3
2026-04-14 18:14:45,748 [INFO] ThirdParty:978 - Integrity check success = true
2026-04-14 18:14:45,748 [INFO] IntegrityCheckThread:100 - exiting critical section [integrity check]
2026-04-14 18:14:45,748 [INFO] IntegrityCheckThread:103 - End integrity checks thread
2026-04-14 18:14:48,645 [ERROR] LogOutputStream:75 - [STDERR_REDIRECT] 
